<?xml version="1.0" encoding="UTF-8"?>
<testsuite xmlns:xsi="http://www.w3.org/2001/XMLSchema-instance" xsi:noNamespaceSchemaLocation="https://maven.apache.org/surefire/maven-surefire-plugin/xsd/surefire-test-report-3.0.xsd" version="3.0" name="TestSuite" time="5.151" tests="5" errors="0" skipped="0" failures="5">
  <properties>
    <property name="gopherProxySet" value="false"/>
    <property name="awt.toolkit" value="sun.lwawt.macosx.LWCToolkit"/>
    <property name="file.encoding.pkg" value="sun.io"/>
    <property name="java.specification.version" value="1.8"/>
    <property name="sun.cpu.isalist" value=""/>
    <property name="sun.jnu.encoding" value="UTF-8"/>
    <property name="java.class.path" value="/Users/nongluck/eclipse-workspace/VDOGameProject/target/test-classes:/Users/nongluck/eclipse-workspace/VDOGameProject/target/classes:/Users/nongluck/.m2/repository/io/rest-assured/rest-assured/4.3.0/rest-assured-4.3.0.jar:/Users/nongluck/.m2/repository/org/codehaus/groovy/groovy/3.0.2/groovy-3.0.2.jar:/Users/nongluck/.m2/repository/org/codehaus/groovy/groovy-xml/3.0.2/groovy-xml-3.0.2.jar:/Users/nongluck/.m2/repository/org/apache/httpcomponents/httpclient/4.5.3/httpclient-4.5.3.jar:/Users/nongluck/.m2/repository/org/apache/httpcomponents/httpcore/4.4.6/httpcore-4.4.6.jar:/Users/nongluck/.m2/repository/commons-logging/commons-logging/1.2/commons-logging-1.2.jar:/Users/nongluck/.m2/repository/org/apache/httpcomponents/httpmime/4.5.3/httpmime-4.5.3.jar:/Users/nongluck/.m2/repository/org/hamcrest/hamcrest/2.1/hamcrest-2.1.jar:/Users/nongluck/.m2/repository/org/ccil/cowan/tagsoup/tagsoup/1.2.1/tagsoup-1.2.1.jar:/Users/nongluck/.m2/repository/io/rest-assured/json-schema-validator/4.3.0/json-schema-validator-4.3.0.jar:/Users/nongluck/.m2/repository/com/github/java-json-tools/json-schema-validator/2.2.10/json-schema-validator-2.2.10.jar:/Users/nongluck/.m2/repository/com/github/java-json-tools/json-schema-core/1.2.10/json-schema-core-1.2.10.jar:/Users/nongluck/.m2/repository/com/github/java-json-tools/jackson-coreutils/1.9/jackson-coreutils-1.9.jar:/Users/nongluck/.m2/repository/com/github/fge/msg-simple/1.1/msg-simple-1.1.jar:/Users/nongluck/.m2/repository/com/github/fge/btf/1.2/btf-1.2.jar:/Users/nongluck/.m2/repository/com/github/fge/uri-template/0.9/uri-template-0.9.jar:/Users/nongluck/.m2/repository/org/mozilla/rhino/1.7.7.1/rhino-1.7.7.1.jar:/Users/nongluck/.m2/repository/javax/mail/mailapi/1.4.3/mailapi-1.4.3.jar:/Users/nongluck/.m2/repository/joda-time/joda-time/2.9.7/joda-time-2.9.7.jar:/Users/nongluck/.m2/repository/com/googlecode/libphonenumber/libphonenumber/8.0.0/libphonenumber-8.0.0.jar:/Users/nongluck/.m2/repository/net/sf/jopt-simple/jopt-simple/5.0.3/jopt-simple-5.0.3.jar:/Users/nongluck/.m2/repository/io/rest-assured/json-path/4.3.0/json-path-4.3.0.jar:/Users/nongluck/.m2/repository/org/codehaus/groovy/groovy-json/3.0.2/groovy-json-3.0.2.jar:/Users/nongluck/.m2/repository/io/rest-assured/rest-assured-common/4.3.0/rest-assured-common-4.3.0.jar:/Users/nongluck/.m2/repository/io/rest-assured/xml-path/4.1.1/xml-path-4.1.1.jar:/Users/nongluck/.m2/repository/org/apache/commons/commons-lang3/3.4/commons-lang3-3.4.jar:/Users/nongluck/.m2/repository/com/sun/xml/bind/jaxb-osgi/2.3.0.1/jaxb-osgi-2.3.0.1.jar:/Users/nongluck/.m2/repository/org/apache/sling/org.apache.sling.javax.activation/0.1.0/org.apache.sling.javax.activation-0.1.0.jar:/Users/nongluck/.m2/repository/org/seleniumhq/selenium/selenium-java/3.141.59/selenium-java-3.141.59.jar:/Users/nongluck/.m2/repository/org/seleniumhq/selenium/selenium-api/3.141.59/selenium-api-3.141.59.jar:/Users/nongluck/.m2/repository/org/seleniumhq/selenium/selenium-chrome-driver/3.141.59/selenium-chrome-driver-3.141.59.jar:/Users/nongluck/.m2/repository/org/seleniumhq/selenium/selenium-edge-driver/3.141.59/selenium-edge-driver-3.141.59.jar:/Users/nongluck/.m2/repository/org/seleniumhq/selenium/selenium-firefox-driver/3.141.59/selenium-firefox-driver-3.141.59.jar:/Users/nongluck/.m2/repository/org/seleniumhq/selenium/selenium-ie-driver/3.141.59/selenium-ie-driver-3.141.59.jar:/Users/nongluck/.m2/repository/org/seleniumhq/selenium/selenium-opera-driver/3.141.59/selenium-opera-driver-3.141.59.jar:/Users/nongluck/.m2/repository/org/seleniumhq/selenium/selenium-remote-driver/3.141.59/selenium-remote-driver-3.141.59.jar:/Users/nongluck/.m2/repository/org/seleniumhq/selenium/selenium-safari-driver/3.141.59/selenium-safari-driver-3.141.59.jar:/Users/nongluck/.m2/repository/org/seleniumhq/selenium/selenium-support/3.141.59/selenium-support-3.141.59.jar:/Users/nongluck/.m2/repository/net/bytebuddy/byte-buddy/1.8.15/byte-buddy-1.8.15.jar:/Users/nongluck/.m2/repository/org/apache/commons/commons-exec/1.3/commons-exec-1.3.jar:/Users/nongluck/.m2/repository/com/google/guava/guava/25.0-jre/guava-25.0-jre.jar:/Users/nongluck/.m2/repository/org/checkerframework/checker-compat-qual/2.0.0/checker-compat-qual-2.0.0.jar:/Users/nongluck/.m2/repository/com/google/errorprone/error_prone_annotations/2.1.3/error_prone_annotations-2.1.3.jar:/Users/nongluck/.m2/repository/com/google/j2objc/j2objc-annotations/1.1/j2objc-annotations-1.1.jar:/Users/nongluck/.m2/repository/org/codehaus/mojo/animal-sniffer-annotations/1.14/animal-sniffer-annotations-1.14.jar:/Users/nongluck/.m2/repository/com/squareup/okhttp3/okhttp/3.11.0/okhttp-3.11.0.jar:/Users/nongluck/.m2/repository/com/squareup/okio/okio/1.14.0/okio-1.14.0.jar:/Users/nongluck/.m2/repository/org/testng/testng/7.5/testng-7.5.jar:/Users/nongluck/.m2/repository/com/google/code/findbugs/jsr305/3.0.1/jsr305-3.0.1.jar:/Users/nongluck/.m2/repository/org/slf4j/slf4j-api/1.7.32/slf4j-api-1.7.32.jar:/Users/nongluck/.m2/repository/com/beust/jcommander/1.78/jcommander-1.78.jar:/Users/nongluck/.m2/repository/org/webjars/jquery/3.5.1/jquery-3.5.1.jar:/Users/nongluck/.m2/repository/org/hamcrest/java-hamcrest/2.0.0.0/java-hamcrest-2.0.0.0.jar:/Users/nongluck/.m2/repository/org/hamcrest/hamcrest-core/2.1/hamcrest-core-2.1.jar:/Users/nongluck/.m2/repository/org/hamcrest/hamcrest-library/2.1/hamcrest-library-2.1.jar:/Users/nongluck/.m2/repository/com/fasterxml/jackson/core/jackson-core/2.10.3/jackson-core-2.10.3.jar:/Users/nongluck/.m2/repository/com/fasterxml/jackson/core/jackson-databind/2.10.3/jackson-databind-2.10.3.jar:/Users/nongluck/.m2/repository/com/fasterxml/jackson/core/jackson-annotations/2.10.3/jackson-annotations-2.10.3.jar:/Users/nongluck/.m2/repository/javax/xml/bind/jaxb-api/2.3.0/jaxb-api-2.3.0.jar:/Users/nongluck/.m2/repository/javax/activation/activation/1.1.1/activation-1.1.1.jar:/Users/nongluck/.m2/repository/org/codehaus/groovy/groovy-ant/2.5.7/groovy-ant-2.5.7.jar:/Users/nongluck/.m2/repository/org/apache/ant/ant/1.9.13/ant-1.9.13.jar:/Users/nongluck/.m2/repository/org/apache/ant/ant-junit/1.9.13/ant-junit-1.9.13.jar:/Users/nongluck/.m2/repository/org/apache/ant/ant-launcher/1.9.13/ant-launcher-1.9.13.jar:/Users/nongluck/.m2/repository/org/apache/ant/ant-antlr/1.9.13/ant-antlr-1.9.13.jar:/Users/nongluck/.m2/repository/org/codehaus/groovy/groovy-cli-commons/2.5.7/groovy-cli-commons-2.5.7.jar:/Users/nongluck/.m2/repository/commons-cli/commons-cli/1.4/commons-cli-1.4.jar:/Users/nongluck/.m2/repository/org/codehaus/groovy/groovy-cli-picocli/2.5.7/groovy-cli-picocli-2.5.7.jar:/Users/nongluck/.m2/repository/info/picocli/picocli/3.9.5/picocli-3.9.5.jar:/Users/nongluck/.m2/repository/org/codehaus/groovy/groovy-console/2.5.7/groovy-console-2.5.7.jar:/Users/nongluck/.m2/repository/org/codehaus/groovy/groovy-datetime/2.5.7/groovy-datetime-2.5.7.jar:/Users/nongluck/.m2/repository/org/codehaus/groovy/groovy-docgenerator/2.5.7/groovy-docgenerator-2.5.7.jar:/Users/nongluck/.m2/repository/com/thoughtworks/qdox/qdox/1.12.1/qdox-1.12.1.jar:/Users/nongluck/.m2/repository/org/codehaus/groovy/groovy-groovydoc/2.5.7/groovy-groovydoc-2.5.7.jar:/Users/nongluck/.m2/repository/org/codehaus/groovy/groovy-groovysh/2.5.7/groovy-groovysh-2.5.7.jar:/Users/nongluck/.m2/repository/jline/jline/2.14.6/jline-2.14.6.jar:/Users/nongluck/.m2/repository/org/codehaus/groovy/groovy-jmx/2.5.7/groovy-jmx-2.5.7.jar:/Users/nongluck/.m2/repository/org/codehaus/groovy/groovy-jsr223/2.5.7/groovy-jsr223-2.5.7.jar:/Users/nongluck/.m2/repository/org/codehaus/groovy/groovy-macro/2.5.7/groovy-macro-2.5.7.jar:/Users/nongluck/.m2/repository/org/codehaus/groovy/groovy-nio/2.5.7/groovy-nio-2.5.7.jar:/Users/nongluck/.m2/repository/org/codehaus/groovy/groovy-servlet/2.5.7/groovy-servlet-2.5.7.jar:/Users/nongluck/.m2/repository/org/codehaus/groovy/groovy-sql/2.5.7/groovy-sql-2.5.7.jar:/Users/nongluck/.m2/repository/org/codehaus/groovy/groovy-swing/2.5.7/groovy-swing-2.5.7.jar:/Users/nongluck/.m2/repository/org/codehaus/groovy/groovy-templates/2.5.7/groovy-templates-2.5.7.jar:/Users/nongluck/.m2/repository/org/codehaus/groovy/groovy-test/2.5.7/groovy-test-2.5.7.jar:/Users/nongluck/.m2/repository/junit/junit/4.12/junit-4.12.jar:/Users/nongluck/.m2/repository/org/codehaus/groovy/groovy-test-junit5/2.5.7/groovy-test-junit5-2.5.7.jar:/Users/nongluck/.m2/repository/org/junit/platform/junit-platform-launcher/1.4.0/junit-platform-launcher-1.4.0.jar:/Users/nongluck/.m2/repository/org/apiguardian/apiguardian-api/1.0.0/apiguardian-api-1.0.0.jar:/Users/nongluck/.m2/repository/org/junit/platform/junit-platform-engine/1.4.0/junit-platform-engine-1.4.0.jar:/Users/nongluck/.m2/repository/org/opentest4j/opentest4j/1.1.1/opentest4j-1.1.1.jar:/Users/nongluck/.m2/repository/org/junit/platform/junit-platform-commons/1.4.0/junit-platform-commons-1.4.0.jar:/Users/nongluck/.m2/repository/org/junit/jupiter/junit-jupiter-engine/5.4.0/junit-jupiter-engine-5.4.0.jar:/Users/nongluck/.m2/repository/org/junit/jupiter/junit-jupiter-api/5.4.0/junit-jupiter-api-5.4.0.jar:/Users/nongluck/.m2/repository/org/codehaus/groovy/groovy-testng/2.5.7/groovy-testng-2.5.7.jar:/Users/nongluck/.m2/repository/com/google/code/gson/gson/2.8.5/gson-2.8.5.jar:/Users/nongluck/.m2/repository/org/apache/poi/poi/4.1.2/poi-4.1.2.jar:/Users/nongluck/.m2/repository/commons-codec/commons-codec/1.13/commons-codec-1.13.jar:/Users/nongluck/.m2/repository/org/apache/commons/commons-collections4/4.4/commons-collections4-4.4.jar:/Users/nongluck/.m2/repository/org/apache/commons/commons-math3/3.6.1/commons-math3-3.6.1.jar:/Users/nongluck/.m2/repository/com/zaxxer/SparseBitSet/1.2/SparseBitSet-1.2.jar:/Users/nongluck/.m2/repository/org/apache/poi/poi-ooxml/5.2.0/poi-ooxml-5.2.0.jar:/Users/nongluck/.m2/repository/org/apache/poi/poi-ooxml-lite/5.2.0/poi-ooxml-lite-5.2.0.jar:/Users/nongluck/.m2/repository/org/apache/xmlbeans/xmlbeans/5.0.3/xmlbeans-5.0.3.jar:/Users/nongluck/.m2/repository/xml-apis/xml-apis/1.4.01/xml-apis-1.4.01.jar:/Users/nongluck/.m2/repository/org/apache/commons/commons-compress/1.21/commons-compress-1.21.jar:/Users/nongluck/.m2/repository/commons-io/commons-io/2.11.0/commons-io-2.11.0.jar:/Users/nongluck/.m2/repository/com/github/virtuald/curvesapi/1.06/curvesapi-1.06.jar:/Users/nongluck/.m2/repository/org/apache/logging/log4j/log4j-api/2.17.1/log4j-api-2.17.1.jar:"/>
    <property name="java.vm.vendor" value="Oracle Corporation"/>
    <property name="sun.arch.data.model" value="64"/>
    <property name="java.vendor.url" value="http://java.oracle.com/"/>
    <property name="user.timezone" value="America/New_York"/>
    <property name="java.vm.specification.version" value="1.8"/>
    <property name="os.name" value="Mac OS X"/>
    <property name="user.country" value="US"/>
    <property name="sun.java.launcher" value="SUN_STANDARD"/>
    <property name="sun.boot.library.path" value="/Library/Java/JavaVirtualMachines/jdk1.8.0_261.jdk/Contents/Home/jre/lib"/>
    <property name="sun.java.command" value="/Users/nongluck/eclipse-workspace/VDOGameProject/target/surefire/surefirebooter2440733825421944226.jar /Users/nongluck/eclipse-workspace/VDOGameProject/target/surefire 2022-05-07T21-42-05_272-jvmRun1 surefire8437019770606166615tmp surefire_07382098542674531322tmp"/>
    <property name="http.nonProxyHosts" value="local|*.local|169.254/16|*.169.254/16"/>
    <property name="surefire.test.class.path" value="/Users/nongluck/eclipse-workspace/VDOGameProject/target/test-classes:/Users/nongluck/eclipse-workspace/VDOGameProject/target/classes:/Users/nongluck/.m2/repository/io/rest-assured/rest-assured/4.3.0/rest-assured-4.3.0.jar:/Users/nongluck/.m2/repository/org/codehaus/groovy/groovy/3.0.2/groovy-3.0.2.jar:/Users/nongluck/.m2/repository/org/codehaus/groovy/groovy-xml/3.0.2/groovy-xml-3.0.2.jar:/Users/nongluck/.m2/repository/org/apache/httpcomponents/httpclient/4.5.3/httpclient-4.5.3.jar:/Users/nongluck/.m2/repository/org/apache/httpcomponents/httpcore/4.4.6/httpcore-4.4.6.jar:/Users/nongluck/.m2/repository/commons-logging/commons-logging/1.2/commons-logging-1.2.jar:/Users/nongluck/.m2/repository/org/apache/httpcomponents/httpmime/4.5.3/httpmime-4.5.3.jar:/Users/nongluck/.m2/repository/org/hamcrest/hamcrest/2.1/hamcrest-2.1.jar:/Users/nongluck/.m2/repository/org/ccil/cowan/tagsoup/tagsoup/1.2.1/tagsoup-1.2.1.jar:/Users/nongluck/.m2/repository/io/rest-assured/json-schema-validator/4.3.0/json-schema-validator-4.3.0.jar:/Users/nongluck/.m2/repository/com/github/java-json-tools/json-schema-validator/2.2.10/json-schema-validator-2.2.10.jar:/Users/nongluck/.m2/repository/com/github/java-json-tools/json-schema-core/1.2.10/json-schema-core-1.2.10.jar:/Users/nongluck/.m2/repository/com/github/java-json-tools/jackson-coreutils/1.9/jackson-coreutils-1.9.jar:/Users/nongluck/.m2/repository/com/github/fge/msg-simple/1.1/msg-simple-1.1.jar:/Users/nongluck/.m2/repository/com/github/fge/btf/1.2/btf-1.2.jar:/Users/nongluck/.m2/repository/com/github/fge/uri-template/0.9/uri-template-0.9.jar:/Users/nongluck/.m2/repository/org/mozilla/rhino/1.7.7.1/rhino-1.7.7.1.jar:/Users/nongluck/.m2/repository/javax/mail/mailapi/1.4.3/mailapi-1.4.3.jar:/Users/nongluck/.m2/repository/joda-time/joda-time/2.9.7/joda-time-2.9.7.jar:/Users/nongluck/.m2/repository/com/googlecode/libphonenumber/libphonenumber/8.0.0/libphonenumber-8.0.0.jar:/Users/nongluck/.m2/repository/net/sf/jopt-simple/jopt-simple/5.0.3/jopt-simple-5.0.3.jar:/Users/nongluck/.m2/repository/io/rest-assured/json-path/4.3.0/json-path-4.3.0.jar:/Users/nongluck/.m2/repository/org/codehaus/groovy/groovy-json/3.0.2/groovy-json-3.0.2.jar:/Users/nongluck/.m2/repository/io/rest-assured/rest-assured-common/4.3.0/rest-assured-common-4.3.0.jar:/Users/nongluck/.m2/repository/io/rest-assured/xml-path/4.1.1/xml-path-4.1.1.jar:/Users/nongluck/.m2/repository/org/apache/commons/commons-lang3/3.4/commons-lang3-3.4.jar:/Users/nongluck/.m2/repository/com/sun/xml/bind/jaxb-osgi/2.3.0.1/jaxb-osgi-2.3.0.1.jar:/Users/nongluck/.m2/repository/org/apache/sling/org.apache.sling.javax.activation/0.1.0/org.apache.sling.javax.activation-0.1.0.jar:/Users/nongluck/.m2/repository/org/seleniumhq/selenium/selenium-java/3.141.59/selenium-java-3.141.59.jar:/Users/nongluck/.m2/repository/org/seleniumhq/selenium/selenium-api/3.141.59/selenium-api-3.141.59.jar:/Users/nongluck/.m2/repository/org/seleniumhq/selenium/selenium-chrome-driver/3.141.59/selenium-chrome-driver-3.141.59.jar:/Users/nongluck/.m2/repository/org/seleniumhq/selenium/selenium-edge-driver/3.141.59/selenium-edge-driver-3.141.59.jar:/Users/nongluck/.m2/repository/org/seleniumhq/selenium/selenium-firefox-driver/3.141.59/selenium-firefox-driver-3.141.59.jar:/Users/nongluck/.m2/repository/org/seleniumhq/selenium/selenium-ie-driver/3.141.59/selenium-ie-driver-3.141.59.jar:/Users/nongluck/.m2/repository/org/seleniumhq/selenium/selenium-opera-driver/3.141.59/selenium-opera-driver-3.141.59.jar:/Users/nongluck/.m2/repository/org/seleniumhq/selenium/selenium-remote-driver/3.141.59/selenium-remote-driver-3.141.59.jar:/Users/nongluck/.m2/repository/org/seleniumhq/selenium/selenium-safari-driver/3.141.59/selenium-safari-driver-3.141.59.jar:/Users/nongluck/.m2/repository/org/seleniumhq/selenium/selenium-support/3.141.59/selenium-support-3.141.59.jar:/Users/nongluck/.m2/repository/net/bytebuddy/byte-buddy/1.8.15/byte-buddy-1.8.15.jar:/Users/nongluck/.m2/repository/org/apache/commons/commons-exec/1.3/commons-exec-1.3.jar:/Users/nongluck/.m2/repository/com/google/guava/guava/25.0-jre/guava-25.0-jre.jar:/Users/nongluck/.m2/repository/org/checkerframework/checker-compat-qual/2.0.0/checker-compat-qual-2.0.0.jar:/Users/nongluck/.m2/repository/com/google/errorprone/error_prone_annotations/2.1.3/error_prone_annotations-2.1.3.jar:/Users/nongluck/.m2/repository/com/google/j2objc/j2objc-annotations/1.1/j2objc-annotations-1.1.jar:/Users/nongluck/.m2/repository/org/codehaus/mojo/animal-sniffer-annotations/1.14/animal-sniffer-annotations-1.14.jar:/Users/nongluck/.m2/repository/com/squareup/okhttp3/okhttp/3.11.0/okhttp-3.11.0.jar:/Users/nongluck/.m2/repository/com/squareup/okio/okio/1.14.0/okio-1.14.0.jar:/Users/nongluck/.m2/repository/org/testng/testng/7.5/testng-7.5.jar:/Users/nongluck/.m2/repository/com/google/code/findbugs/jsr305/3.0.1/jsr305-3.0.1.jar:/Users/nongluck/.m2/repository/org/slf4j/slf4j-api/1.7.32/slf4j-api-1.7.32.jar:/Users/nongluck/.m2/repository/com/beust/jcommander/1.78/jcommander-1.78.jar:/Users/nongluck/.m2/repository/org/webjars/jquery/3.5.1/jquery-3.5.1.jar:/Users/nongluck/.m2/repository/org/hamcrest/java-hamcrest/2.0.0.0/java-hamcrest-2.0.0.0.jar:/Users/nongluck/.m2/repository/org/hamcrest/hamcrest-core/2.1/hamcrest-core-2.1.jar:/Users/nongluck/.m2/repository/org/hamcrest/hamcrest-library/2.1/hamcrest-library-2.1.jar:/Users/nongluck/.m2/repository/com/fasterxml/jackson/core/jackson-core/2.10.3/jackson-core-2.10.3.jar:/Users/nongluck/.m2/repository/com/fasterxml/jackson/core/jackson-databind/2.10.3/jackson-databind-2.10.3.jar:/Users/nongluck/.m2/repository/com/fasterxml/jackson/core/jackson-annotations/2.10.3/jackson-annotations-2.10.3.jar:/Users/nongluck/.m2/repository/javax/xml/bind/jaxb-api/2.3.0/jaxb-api-2.3.0.jar:/Users/nongluck/.m2/repository/javax/activation/activation/1.1.1/activation-1.1.1.jar:/Users/nongluck/.m2/repository/org/codehaus/groovy/groovy-ant/2.5.7/groovy-ant-2.5.7.jar:/Users/nongluck/.m2/repository/org/apache/ant/ant/1.9.13/ant-1.9.13.jar:/Users/nongluck/.m2/repository/org/apache/ant/ant-junit/1.9.13/ant-junit-1.9.13.jar:/Users/nongluck/.m2/repository/org/apache/ant/ant-launcher/1.9.13/ant-launcher-1.9.13.jar:/Users/nongluck/.m2/repository/org/apache/ant/ant-antlr/1.9.13/ant-antlr-1.9.13.jar:/Users/nongluck/.m2/repository/org/codehaus/groovy/groovy-cli-commons/2.5.7/groovy-cli-commons-2.5.7.jar:/Users/nongluck/.m2/repository/commons-cli/commons-cli/1.4/commons-cli-1.4.jar:/Users/nongluck/.m2/repository/org/codehaus/groovy/groovy-cli-picocli/2.5.7/groovy-cli-picocli-2.5.7.jar:/Users/nongluck/.m2/repository/info/picocli/picocli/3.9.5/picocli-3.9.5.jar:/Users/nongluck/.m2/repository/org/codehaus/groovy/groovy-console/2.5.7/groovy-console-2.5.7.jar:/Users/nongluck/.m2/repository/org/codehaus/groovy/groovy-datetime/2.5.7/groovy-datetime-2.5.7.jar:/Users/nongluck/.m2/repository/org/codehaus/groovy/groovy-docgenerator/2.5.7/groovy-docgenerator-2.5.7.jar:/Users/nongluck/.m2/repository/com/thoughtworks/qdox/qdox/1.12.1/qdox-1.12.1.jar:/Users/nongluck/.m2/repository/org/codehaus/groovy/groovy-groovydoc/2.5.7/groovy-groovydoc-2.5.7.jar:/Users/nongluck/.m2/repository/org/codehaus/groovy/groovy-groovysh/2.5.7/groovy-groovysh-2.5.7.jar:/Users/nongluck/.m2/repository/jline/jline/2.14.6/jline-2.14.6.jar:/Users/nongluck/.m2/repository/org/codehaus/groovy/groovy-jmx/2.5.7/groovy-jmx-2.5.7.jar:/Users/nongluck/.m2/repository/org/codehaus/groovy/groovy-jsr223/2.5.7/groovy-jsr223-2.5.7.jar:/Users/nongluck/.m2/repository/org/codehaus/groovy/groovy-macro/2.5.7/groovy-macro-2.5.7.jar:/Users/nongluck/.m2/repository/org/codehaus/groovy/groovy-nio/2.5.7/groovy-nio-2.5.7.jar:/Users/nongluck/.m2/repository/org/codehaus/groovy/groovy-servlet/2.5.7/groovy-servlet-2.5.7.jar:/Users/nongluck/.m2/repository/org/codehaus/groovy/groovy-sql/2.5.7/groovy-sql-2.5.7.jar:/Users/nongluck/.m2/repository/org/codehaus/groovy/groovy-swing/2.5.7/groovy-swing-2.5.7.jar:/Users/nongluck/.m2/repository/org/codehaus/groovy/groovy-templates/2.5.7/groovy-templates-2.5.7.jar:/Users/nongluck/.m2/repository/org/codehaus/groovy/groovy-test/2.5.7/groovy-test-2.5.7.jar:/Users/nongluck/.m2/repository/junit/junit/4.12/junit-4.12.jar:/Users/nongluck/.m2/repository/org/codehaus/groovy/groovy-test-junit5/2.5.7/groovy-test-junit5-2.5.7.jar:/Users/nongluck/.m2/repository/org/junit/platform/junit-platform-launcher/1.4.0/junit-platform-launcher-1.4.0.jar:/Users/nongluck/.m2/repository/org/apiguardian/apiguardian-api/1.0.0/apiguardian-api-1.0.0.jar:/Users/nongluck/.m2/repository/org/junit/platform/junit-platform-engine/1.4.0/junit-platform-engine-1.4.0.jar:/Users/nongluck/.m2/repository/org/opentest4j/opentest4j/1.1.1/opentest4j-1.1.1.jar:/Users/nongluck/.m2/repository/org/junit/platform/junit-platform-commons/1.4.0/junit-platform-commons-1.4.0.jar:/Users/nongluck/.m2/repository/org/junit/jupiter/junit-jupiter-engine/5.4.0/junit-jupiter-engine-5.4.0.jar:/Users/nongluck/.m2/repository/org/junit/jupiter/junit-jupiter-api/5.4.0/junit-jupiter-api-5.4.0.jar:/Users/nongluck/.m2/repository/org/codehaus/groovy/groovy-testng/2.5.7/groovy-testng-2.5.7.jar:/Users/nongluck/.m2/repository/com/google/code/gson/gson/2.8.5/gson-2.8.5.jar:/Users/nongluck/.m2/repository/org/apache/poi/poi/4.1.2/poi-4.1.2.jar:/Users/nongluck/.m2/repository/commons-codec/commons-codec/1.13/commons-codec-1.13.jar:/Users/nongluck/.m2/repository/org/apache/commons/commons-collections4/4.4/commons-collections4-4.4.jar:/Users/nongluck/.m2/repository/org/apache/commons/commons-math3/3.6.1/commons-math3-3.6.1.jar:/Users/nongluck/.m2/repository/com/zaxxer/SparseBitSet/1.2/SparseBitSet-1.2.jar:/Users/nongluck/.m2/repository/org/apache/poi/poi-ooxml/5.2.0/poi-ooxml-5.2.0.jar:/Users/nongluck/.m2/repository/org/apache/poi/poi-ooxml-lite/5.2.0/poi-ooxml-lite-5.2.0.jar:/Users/nongluck/.m2/repository/org/apache/xmlbeans/xmlbeans/5.0.3/xmlbeans-5.0.3.jar:/Users/nongluck/.m2/repository/xml-apis/xml-apis/1.4.01/xml-apis-1.4.01.jar:/Users/nongluck/.m2/repository/org/apache/commons/commons-compress/1.21/commons-compress-1.21.jar:/Users/nongluck/.m2/repository/commons-io/commons-io/2.11.0/commons-io-2.11.0.jar:/Users/nongluck/.m2/repository/com/github/virtuald/curvesapi/1.06/curvesapi-1.06.jar:/Users/nongluck/.m2/repository/org/apache/logging/log4j/log4j-api/2.17.1/log4j-api-2.17.1.jar:"/>
    <property name="sun.cpu.endian" value="little"/>
    <property name="user.home" value="/Users/nongluck"/>
    <property name="user.language" value="en"/>
    <property name="java.specification.vendor" value="Oracle Corporation"/>
    <property name="java.home" value="/Library/Java/JavaVirtualMachines/jdk1.8.0_261.jdk/Contents/Home/jre"/>
    <property name="basedir" value="/Users/nongluck/eclipse-workspace/VDOGameProject"/>
    <property name="file.separator" value="/"/>
    <property name="line.separator" value="&#10;"/>
    <property name="java.vm.specification.vendor" value="Oracle Corporation"/>
    <property name="java.specification.name" value="Java Platform API Specification"/>
    <property name="java.awt.graphicsenv" value="sun.awt.CGraphicsEnvironment"/>
    <property name="surefire.real.class.path" value="/Users/nongluck/eclipse-workspace/VDOGameProject/target/surefire/surefirebooter2440733825421944226.jar"/>
    <property name="sun.boot.class.path" value="/Library/Java/JavaVirtualMachines/jdk1.8.0_261.jdk/Contents/Home/jre/lib/resources.jar:/Library/Java/JavaVirtualMachines/jdk1.8.0_261.jdk/Contents/Home/jre/lib/rt.jar:/Library/Java/JavaVirtualMachines/jdk1.8.0_261.jdk/Contents/Home/jre/lib/sunrsasign.jar:/Library/Java/JavaVirtualMachines/jdk1.8.0_261.jdk/Contents/Home/jre/lib/jsse.jar:/Library/Java/JavaVirtualMachines/jdk1.8.0_261.jdk/Contents/Home/jre/lib/jce.jar:/Library/Java/JavaVirtualMachines/jdk1.8.0_261.jdk/Contents/Home/jre/lib/charsets.jar:/Library/Java/JavaVirtualMachines/jdk1.8.0_261.jdk/Contents/Home/jre/lib/jfr.jar:/Library/Java/JavaVirtualMachines/jdk1.8.0_261.jdk/Contents/Home/jre/classes"/>
    <property name="sun.management.compiler" value="HotSpot 64-Bit Tiered Compilers"/>
    <property name="ftp.nonProxyHosts" value="local|*.local|169.254/16|*.169.254/16"/>
    <property name="java.runtime.version" value="1.8.0_261-b12"/>
    <property name="user.name" value="nongluck"/>
    <property name="path.separator" value=":"/>
    <property name="os.version" value="10.15.7"/>
    <property name="java.endorsed.dirs" value="/Library/Java/JavaVirtualMachines/jdk1.8.0_261.jdk/Contents/Home/jre/lib/endorsed"/>
    <property name="java.runtime.name" value="Java(TM) SE Runtime Environment"/>
    <property name="file.encoding" value="UTF-8"/>
    <property name="java.vm.name" value="Java HotSpot(TM) 64-Bit Server VM"/>
    <property name="localRepository" value="/Users/nongluck/.m2/repository"/>
    <property name="java.vendor.url.bug" value="http://bugreport.sun.com/bugreport/"/>
    <property name="java.io.tmpdir" value="/var/folders/tl/s4cmrpd97jz0vvbtn268w6gc0000gn/T/"/>
    <property name="java.version" value="1.8.0_261"/>
    <property name="user.dir" value="/Users/nongluck/eclipse-workspace/VDOGameProject"/>
    <property name="os.arch" value="x86_64"/>
    <property name="java.vm.specification.name" value="Java Virtual Machine Specification"/>
    <property name="java.awt.printerjob" value="sun.lwawt.macosx.CPrinterJob"/>
    <property name="sun.os.patch.level" value="unknown"/>
    <property name="java.library.path" value="/Users/nongluck/Library/Java/Extensions:/Library/Java/Extensions:/Network/Library/Java/Extensions:/System/Library/Java/Extensions:/usr/lib/java:."/>
    <property name="java.vm.info" value="mixed mode"/>
    <property name="java.vendor" value="Oracle Corporation"/>
    <property name="java.vm.version" value="25.261-b12"/>
    <property name="java.ext.dirs" value="/Users/nongluck/Library/Java/Extensions:/Library/Java/JavaVirtualMachines/jdk1.8.0_261.jdk/Contents/Home/jre/lib/ext:/Library/Java/Extensions:/Network/Library/Java/Extensions:/System/Library/Java/Extensions:/usr/lib/java"/>
    <property name="sun.io.unicode.encoding" value="UnicodeBig"/>
    <property name="java.class.version" value="52.0"/>
    <property name="socksNonProxyHosts" value="local|*.local|169.254/16|*.169.254/16"/>
  </properties>
  <testcase name="test_getAllvdoGames" classname="testCases.TC_VDOGameAPI" time="3.329">
    <failure message="1 expectation failed.&#10;Expected status code &lt;200&gt; but was &lt;403&gt;.&#10;" type="java.lang.AssertionError"><![CDATA[java.lang.AssertionError: 
1 expectation failed.
Expected status code <200> but was <403>.

	at testCases.TC_VDOGameAPI.test_getAllvdoGames(TC_VDOGameAPI.java:27)
]]></failure>
    <system-err><![CDATA[SLF4J: Failed to load class "org.slf4j.impl.StaticLoggerBinder".
SLF4J: Defaulting to no-operation (NOP) logger implementation
SLF4J: See http://www.slf4j.org/codes.html#StaticLoggerBinder for further details.
]]></system-err>
  </testcase>
  <testcase name="test_addNewvdoGames" classname="testCases.TC_VDOGameAPI" time="0.695">
    <failure message="1 expectation failed.&#10;Expected status code &lt;200&gt; but was &lt;403&gt;.&#10;" type="java.lang.AssertionError"><![CDATA[java.lang.AssertionError: 
1 expectation failed.
Expected status code <200> but was <403>.

	at testCases.TC_VDOGameAPI.test_addNewvdoGames(TC_VDOGameAPI.java:51)
]]></failure>
  </testcase>
  <testcase name="test_getvdoGames" classname="testCases.TC_VDOGameAPI" time="0.045">
    <failure message="1 expectation failed.&#10;Expected status code &lt;200&gt; but was &lt;403&gt;.&#10;" type="java.lang.AssertionError"><![CDATA[java.lang.AssertionError: 
1 expectation failed.
Expected status code <200> but was <403>.

	at testCases.TC_VDOGameAPI.test_getvdoGames(TC_VDOGameAPI.java:66)
]]></failure>
  </testcase>
  <testcase name="test_getVideoGame" classname="testCases.TC_VDOGameAPI" time="0.021">
    <failure message="1 expectation failed.&#10;Expected status code &lt;200&gt; but was &lt;403&gt;.&#10;" type="java.lang.AssertionError"><![CDATA[java.lang.AssertionError: 
1 expectation failed.
Expected status code <200> but was <403>.

	at testCases.TC_VDOGameAPI.test_getVideoGame(TC_VDOGameAPI.java:89)
]]></failure>
  </testcase>
  <testcase name="test_DeletevdoGame" classname="testCases.TC_VDOGameAPI" time="0.049">
    <failure message="1 expectation failed.&#10;Expected status code &lt;200&gt; but was &lt;403&gt;.&#10;" type="java.lang.AssertionError"><![CDATA[java.lang.AssertionError: 
1 expectation failed.
Expected status code <200> but was <403>.

	at testCases.TC_VDOGameAPI.test_DeletevdoGame(TC_VDOGameAPI.java:102)
]]></failure>
  </testcase>
</testsuite>